<?xml version="1.0" encoding="UTF-8"?>
<!-- Generated by org.testng.reporters.JUnitReportReporter -->
<testsuite hostname="DESKTOP-5SCSQD6" failures="0" tests="4" name="TestCases.Loginclass" time="8.851" errors="0" timestamp="2024-09-22T14:43:02 IST" skipped="0">
  <testcase classname="TestCases.Loginclass" name="loinAccount" time="1.368"/>
  <testcase classname="TestCases.Loginclass" name="Myaccount" time="0.359"/>
  <testcase classname="TestCases.Loginclass" name="mouse" time="6.681"/>
  <testcase classname="TestCases.Loginclass" name="Monoptions" time="0.443"/>
</testsuite> <!-- TestCases.Loginclass -->
