<?xml version="1.0" encoding="UTF-8"?>
<!-- Generated by org.testng.reporters.JUnitReportReporter -->
<testsuite hostname="DESKTOP-5SCSQD6" failures="0" tests="4" name="TestCases.LoginclassTest" time="8.622" errors="0" timestamp="2024-09-22T15:16:32 IST" skipped="0">
  <testcase classname="TestCases.LoginclassTest" name="loinAccount" time="1.267"/>
  <testcase classname="TestCases.LoginclassTest" name="Myaccount" time="0.408"/>
  <testcase classname="TestCases.LoginclassTest" name="mouse" time="6.709"/>
  <testcase classname="TestCases.LoginclassTest" name="Monoptions" time="0.238"/>
</testsuite> <!-- TestCases.LoginclassTest -->
