<?xml version="1.0" encoding="UTF-8"?>
<!-- Generated by org.testng.reporters.JUnitReportReporter -->
<testsuite hostname="DESKTOP-5SCSQD6" failures="0" tests="5" name="TestCases.TC0003_loginTest" time="36.840" errors="0" timestamp="2024-09-22T15:33:48 IST" skipped="0">
  <testcase classname="TestCases.TC0003_loginTest" name="loinDTT" time="11.063"/>
  <testcase classname="TestCases.TC0003_loginTest" name="loinDTT" time="1.925"/>
  <testcase classname="TestCases.TC0003_loginTest" name="loinDTT" time="10.902"/>
  <testcase classname="TestCases.TC0003_loginTest" name="loinDTT" time="11.235"/>
  <testcase classname="TestCases.TC0003_loginTest" name="loinDTT" time="1.715"/>
</testsuite> <!-- TestCases.TC0003_loginTest -->
