<?xml version="1.0" encoding="UTF-8"?>
<!-- Generated by org.testng.reporters.JUnitReportReporter -->
<testsuite hostname="DESKTOP-5SCSQD6" failures="0" tests="1" name="TestCases.TC001_AccountTest" time="1.699" errors="0" timestamp="2024-09-22T15:33:48 IST" skipped="0">
  <testcase classname="TestCases.TC001_AccountTest" name="Account_Registration" time="1.699"/>
</testsuite> <!-- TestCases.TC001_AccountTest -->
