<?xml version="1.0" encoding="UTF-8"?>
<!-- Generated by org.testng.reporters.JUnitReportReporter -->
<testsuite hostname="DESKTOP-5SCSQD6" failures="0" tests="4" name="TestCases.LoginclassTest" time="8.912" errors="0" timestamp="2024-09-22T15:33:48 IST" skipped="0">
  <testcase classname="TestCases.LoginclassTest" name="loinAccount" time="1.551"/>
  <testcase classname="TestCases.LoginclassTest" name="Myaccount" time="0.396"/>
  <testcase classname="TestCases.LoginclassTest" name="mouse" time="6.698"/>
  <testcase classname="TestCases.LoginclassTest" name="Monoptions" time="0.267"/>
</testsuite> <!-- TestCases.LoginclassTest -->
